<?xml version="1.0" encoding="UTF-8"?>
<!-- Generated by org.testng.reporters.JUnitReportReporter -->
<testsuite hostname="LAPTOP-527ORAIB" failures="0" tests="1" name="testpackage.saucedemotest" time="5.712" errors="0" timestamp="2024-11-06T20:14:39 IST" skipped="0">
  <testcase classname="testpackage.saucedemotest" name="test" time="5.712"/>
  <system-out/>
</testsuite> <!-- testpackage.saucedemotest -->
